<?xml version="1.0" encoding="UTF-8"?>
<!-- Generated by org.testng.reporters.JUnitReportReporter -->
<testsuite hostname="SNEHAL" failures="0" tests="1" name="tests.LoginTest" time="7.898" errors="0" timestamp="2025-09-17T13:42:59 IST" skipped="0">
  <testcase classname="tests.LoginTest" name="testLogin" time="7.898"/>
</testsuite> <!-- tests.LoginTest -->
