<?xml version="1.0" encoding="UTF-8"?>
<!-- Generated by org.testng.reporters.JUnitReportReporter -->
<testsuite hostname="SNEHAL" failures="0" tests="1" name="Facebook_Testng_15" time="0.614" errors="0" timestamp="2025-08-11T15:47:36 IST" skipped="0">
  <testcase classname="Facebook_Testng_15" name="testLogin" time="0.614"/>
</testsuite> <!-- Facebook_Testng_15 -->
