<?xml version="1.0" encoding="UTF-8"?>
<!-- Generated by org.testng.reporters.JUnitReportReporter -->
<testsuite hostname="SNEHAL" failures="0" tests="3" name="TestNg_priority_exp" time="0.025" errors="0" timestamp="2025-08-10T12:46:45 IST" skipped="0">
  <testcase classname="TestNg_priority_exp" name="myFirstTest" time="0.021"/>
  <testcase classname="TestNg_priority_exp" name="myThirdTest" time="0.002"/>
  <testcase classname="TestNg_priority_exp" name="mySecondTest" time="0.002"/>
</testsuite> <!-- TestNg_priority_exp -->
