<?xml version="1.0" encoding="UTF-8"?>
<!-- Generated by org.testng.reporters.JUnitReportReporter -->
<testsuite hostname="SNEHAL" failures="0" tests="1" name="WebDriverAssignment.ProductSearchTest" time="0.002" errors="0" timestamp="2025-08-13T18:51:25 IST" skipped="0">
  <testcase classname="WebDriverAssignment.ProductSearchTest" name="testSearchProduct" time="0.002"/>
</testsuite> <!-- WebDriverAssignment.ProductSearchTest -->
