<?xml version="1.0" encoding="UTF-8"?>
<!-- Generated by org.testng.reporters.JUnitReportReporter -->
<testsuite hostname="SNEHAL" failures="0" tests="2" name="com.tops.ExcelMaven.OpenCsv" time="0.022" errors="0" timestamp="2025-09-04T12:19:08 IST" skipped="0">
  <testcase classname="com.tops.ExcelMaven.OpenCsv" name="loginTestCSV" time="0.020"/>
  <testcase classname="com.tops.ExcelMaven.OpenCsv" name="loginTestCSV" time="0.002"/>
</testsuite> <!-- com.tops.ExcelMaven.OpenCsv -->
