<?xml version="1.0" encoding="UTF-8"?>
<!-- Generated by org.testng.reporters.JUnitReportReporter -->
<testsuite hostname="SNEHAL" failures="0" tests="1" name="WebDriverAssignment.FacebookLogin" time="0.031" errors="0" timestamp="2025-08-13T21:42:18 IST" skipped="0">
  <testcase classname="WebDriverAssignment.FacebookLogin" name="loginTest" time="0.031"/>
</testsuite> <!-- WebDriverAssignment.FacebookLogin -->
