<?xml version="1.0" encoding="UTF-8"?>
<!-- Generated by org.testng.reporters.JUnitReportReporter -->
<testsuite hostname="SNEHAL" failures="0" tests="2" name="Junittest.CalculatorTest" time="0.014" errors="0" timestamp="2025-08-07T11:56:06 IST" skipped="0">
  <testcase classname="Junittest.CalculatorTest" name="testSub" time="0.002"/>
  <testcase classname="Junittest.CalculatorTest" name="testAddition" time="0.012"/>
</testsuite> <!-- Junittest.CalculatorTest -->
