<?xml version="1.0" encoding="UTF-8"?>
<!-- Generated by org.testng.reporters.JUnitReportReporter -->
<testsuite hostname="SNEHAL" failures="0" tests="2" name="com.tops.ExcelMaven.LoginTest" time="16.735" errors="0" timestamp="2025-09-06T13:12:35 IST" skipped="0">
  <testcase classname="com.tops.ExcelMaven.LoginTest" name="testLogin" time="10.625"/>
  <testcase classname="com.tops.ExcelMaven.LoginTest" name="testLogin" time="6.110"/>
</testsuite> <!-- com.tops.ExcelMaven.LoginTest -->
