<?xml version="1.0" encoding="UTF-8"?>
<!-- Generated by org.testng.reporters.JUnitReportReporter -->
<testsuite hostname="SNEHAL" failures="0" tests="4" name="WebDriverAssignment.LoginTest" time="0.024" errors="0" timestamp="2025-08-13T18:51:25 IST" skipped="0">
  <testcase classname="WebDriverAssignment.LoginTest" name="testInvalidLoginWithEmptyPassword" time="0.002"/>
  <testcase classname="WebDriverAssignment.LoginTest" name="testLoginWithParameters" time="0.006"/>
  <testcase classname="WebDriverAssignment.LoginTest" name="testValidLogin" time="0.014"/>
  <testcase classname="WebDriverAssignment.LoginTest" name="testValidLogin" time="0.002"/>
</testsuite> <!-- WebDriverAssignment.LoginTest -->
