<?xml version="1.0" encoding="UTF-8"?>
<!-- Generated by org.testng.reporters.JUnitReportReporter -->
<testsuite hostname="SNEHAL" failures="0" tests="1" name="com.tops.ExcelMaven.ConfigReaderTestNG" time="3.168" errors="0" timestamp="2025-08-25T13:21:23 IST" skipped="0">
  <testcase classname="com.tops.ExcelMaven.ConfigReaderTestNG" name="LoginTest" time="3.168"/>
</testsuite> <!-- com.tops.ExcelMaven.ConfigReaderTestNG -->
