<?xml version="1.0" encoding="UTF-8"?>
<!-- Generated by org.testng.reporters.JUnitReportReporter -->
<testsuite hostname="SNEHAL" failures="0" tests="1" name="IgnoreTest_Testng" time="0.030" errors="0" timestamp="2025-08-10T12:50:04 IST" skipped="0">
  <testcase classname="IgnoreTest_Testng" name="myFirst" time="0.030"/>
</testsuite> <!-- IgnoreTest_Testng -->
