<?xml version="1.0" encoding="UTF-8"?>
<!-- Generated by org.testng.reporters.JUnitReportReporter -->
<testsuite hostname="SNEHAL" failures="0" tests="1" name="com.tops.ExcelMaven.FileReadExmTestNG" time="6.160" errors="0" timestamp="2025-08-23T14:04:08 IST" skipped="0">
  <testcase classname="com.tops.ExcelMaven.FileReadExmTestNG" name="LoginTest" time="6.160"/>
</testsuite> <!-- com.tops.ExcelMaven.FileReadExmTestNG -->
