<?xml version="1.0" encoding="UTF-8"?>
<!-- Generated by org.testng.reporters.JUnitReportReporter -->
<testsuite hostname="SNEHAL" failures="0" tests="1" name="Gmail_Testng_16" time="0.899" errors="0" timestamp="2025-08-14T10:57:40 IST" skipped="0">
  <testcase classname="Gmail_Testng_16" name="testLogin" time="0.899"/>
</testsuite> <!-- Gmail_Testng_16 -->
