<?xml version="1.0" encoding="UTF-8"?>
<!-- Generated by org.testng.reporters.JUnitReportReporter -->
<testsuite hostname="SNEHAL" failures="0" tests="3" name="WebDriverAssignment.DataProvider_last" time="0.027" errors="0" timestamp="2025-08-13T12:33:52 IST" skipped="0">
  <testcase classname="WebDriverAssignment.DataProvider_last" name="testLogin" time="0.002"/>
  <testcase classname="WebDriverAssignment.DataProvider_last" name="testLogin" time="0.007"/>
  <testcase classname="WebDriverAssignment.DataProvider_last" name="testLogin" time="0.018"/>
</testsuite> <!-- WebDriverAssignment.DataProvider_last -->
