<?xml version="1.0" encoding="UTF-8"?>
<!-- Generated by org.testng.reporters.JUnitReportReporter -->
<testsuite hostname="SNEHAL" failures="0" tests="1" name="com.tops.ExcelMaven.WriteExcelTestNG" time="2.271" errors="0" timestamp="2025-08-24T13:33:20 IST" skipped="0">
  <testcase classname="com.tops.ExcelMaven.WriteExcelTestNG" name="LoginTest" time="2.271"/>
</testsuite> <!-- com.tops.ExcelMaven.WriteExcelTestNG -->
