<?xml version="1.0" encoding="UTF-8"?>
<!-- Generated by org.testng.reporters.JUnitReportReporter -->
<testsuite hostname="SNEHAL" failures="0" tests="3" name="WebDriverAssignment.DataProvider_19" time="0.084" errors="0" timestamp="2025-08-20T14:04:29 IST" skipped="0">
  <testcase classname="WebDriverAssignment.DataProvider_19" name="testLogin" time="0.012"/>
  <testcase classname="WebDriverAssignment.DataProvider_19" name="testLogin" time="0.007"/>
  <testcase classname="WebDriverAssignment.DataProvider_19" name="testLogin" time="0.065"/>
</testsuite> <!-- WebDriverAssignment.DataProvider_19 -->
