<?xml version="1.0" encoding="UTF-8"?>
<!-- Generated by org.testng.reporters.JUnitReportReporter -->
<testsuite hostname="SNEHAL" failures="0" tests="1" name="Assignment.DataDriven.LoginTest" time="9.875" errors="0" timestamp="2025-09-10T12:08:53 IST" skipped="0">
  <testcase classname="Assignment.DataDriven.LoginTest" name="testLogin" time="9.875"/>
</testsuite> <!-- Assignment.DataDriven.LoginTest -->
