<?xml version="1.0" encoding="UTF-8"?>
<!-- Generated by org.testng.reporters.JUnitReportReporter -->
<testsuite hostname="SNEHAL" failures="0" tests="1" name="ModuleDriven.tests.AppTest" time="7.512" errors="0" timestamp="2025-09-10T12:38:22 IST" skipped="0">
  <testcase classname="ModuleDriven.tests.AppTest" name="testLoginAndSearch" time="7.512"/>
</testsuite> <!-- ModuleDriven.tests.AppTest -->
