<?xml version="1.0" encoding="UTF-8"?>
<!-- Generated by org.testng.reporters.JUnitReportReporter -->
<testsuite hostname="SNEHAL" failures="0" tests="2" name="DataDriven.LoginTest" time="37.375" errors="0" timestamp="2025-09-06T17:03:33 IST" skipped="0">
  <testcase classname="DataDriven.LoginTest" name="testLogin" time="22.136"/>
  <testcase classname="DataDriven.LoginTest" name="testLogin" time="15.239"/>
</testsuite> <!-- DataDriven.LoginTest -->
