<?xml version="1.0" encoding="UTF-8"?>
<!-- Generated by org.testng.reporters.JUnitReportReporter -->
<testsuite hostname="SNEHAL" failures="0" tests="1" name="SimpleTestNG" time="9.985" errors="0" timestamp="2025-09-07T14:41:02 IST" skipped="0">
  <testcase classname="SimpleTestNG" name="testGoogleTitle" time="9.985"/>
</testsuite> <!-- SimpleTestNG -->
