<?xml version="1.0" encoding="UTF-8"?>
<!-- Generated by org.testng.reporters.JUnitReportReporter -->
<testsuite hostname="SNEHAL" failures="0" tests="1" name="Assignment.KeywordDriven.test.KeywordTest" time="23.626" errors="0" timestamp="2025-09-06T18:41:29 IST" skipped="0">
  <testcase classname="Assignment.KeywordDriven.test.KeywordTest" name="runTest" time="23.626"/>
</testsuite> <!-- Assignment.KeywordDriven.test.KeywordTest -->
