<?xml version="1.0" encoding="UTF-8"?>
<!-- Generated by org.testng.reporters.JUnitReportReporter -->
<testsuite hostname="SNEHAL" failures="0" tests="1" name="Assignment.HybridDriven.test.LoginTest" time="33.061" errors="0" timestamp="2025-09-08T19:12:07 IST" skipped="0">
  <testcase classname="Assignment.HybridDriven.test.LoginTest" name="loginTest" time="33.061"/>
</testsuite> <!-- Assignment.HybridDriven.test.LoginTest -->
