<?xml version="1.0" encoding="UTF-8"?>
<!-- Generated by org.testng.reporters.JUnitReportReporter -->
<testsuite hostname="SNEHAL" failures="0" tests="1" name="KeywordDriven.test.KeyWordTest" time="17.317" errors="0" timestamp="2025-09-06T18:34:25 IST" skipped="0">
  <testcase classname="KeywordDriven.test.KeyWordTest" name="runTest" time="17.317"/>
</testsuite> <!-- KeywordDriven.test.KeyWordTest -->
