<?xml version="1.0" encoding="UTF-8"?>
<!-- Generated by org.testng.reporters.JUnitReportReporter -->
<testsuite hostname="SNEHAL" failures="0" tests="1" name="HybridDriven.tests.LoginTest" time="38.052" errors="0" timestamp="2025-09-08T09:51:44 IST" skipped="0">
  <testcase classname="HybridDriven.tests.LoginTest" name="loginTest" time="38.052"/>
</testsuite> <!-- HybridDriven.tests.LoginTest -->
