<?xml version="1.0" encoding="UTF-8"?>
<!-- Generated by org.testng.reporters.JUnitReportReporter -->
<testsuite hostname="SNEHAL" failures="0" tests="1" name="SauceKeyword.test.KeywordTest" time="10.763" errors="0" timestamp="2025-09-06T11:32:10 IST" skipped="0">
  <testcase classname="SauceKeyword.test.KeywordTest" name="runTest" time="10.763"/>
</testsuite> <!-- SauceKeyword.test.KeywordTest -->
